<?xml version="1.0" encoding="UTF-8"?>
<!-- Generated by org.testng.reporters.JUnitReportReporter -->
<testsuite skipped="0" hostname="IITC-WS-DN04" name="WebApplication.HomePage" tests="2" failures="0" timestamp="20 Dec 2018 09:35:46 GMT" time="126.974" errors="0">
  <testcase name="basepagenavigation" time="72.002" classname="WebApplication.HomePage"/>
  <testcase name="basepagenavigation" time="54.972" classname="WebApplication.HomePage"/>
</testsuite> <!-- WebApplication.HomePage -->
