<?xml version="1.0" encoding="UTF-8"?>
<!-- Generated by org.testng.reporters.JUnitReportReporter -->
<testsuite skipped="0" hostname="IITC-WS-DN04" name="WebApplication.Validation" tests="1" failures="0" timestamp="20 Dec 2018 09:21:19 GMT" time="26.827" errors="0">
  <testcase name="basepagenavigation" time="26.827" classname="WebApplication.Validation"/>
</testsuite> <!-- WebApplication.Validation -->
