<?xml version="1.0" encoding="UTF-8"?>
<!-- Generated by org.testng.reporters.JUnitReportReporter -->
<testsuite skipped="0" hostname="IITC-WS-DN04" name="WebApplication.Rough2" tests="3" failures="0" timestamp="28 Dec 2018 08:59:40 GMT" time="0.040" errors="0">
  <testcase name="R32" time="0.003" classname="WebApplication.Rough2"/>
  <testcase name="R22" time="0.013" classname="WebApplication.Rough2"/>
  <testcase name="R12" time="0.024" classname="WebApplication.Rough2"/>
</testsuite> <!-- WebApplication.Rough2 -->
