<?xml version="1.0" encoding="UTF-8"?>
<!-- Generated by org.testng.reporters.JUnitReportReporter -->
<testsuite skipped="0" hostname="IITC-WS-DN04" name="WebApplication.Rough" tests="3" failures="0" timestamp="28 Dec 2018 08:59:40 GMT" time="0.031" errors="0">
  <testcase name="R1" time="0.010" classname="WebApplication.Rough"/>
  <testcase name="R3" time="0.010" classname="WebApplication.Rough"/>
  <testcase name="R2" time="0.011" classname="WebApplication.Rough"/>
</testsuite> <!-- WebApplication.Rough -->
