<?xml version="1.0" encoding="UTF-8"?>
<!-- Generated by org.testng.reporters.JUnitReportReporter -->
<testsuite skipped="0" hostname="IITC-WS-DN04" name="WebApplication.Rough3" tests="3" failures="0" timestamp="28 Dec 2018 09:08:06 GMT" time="0.009" errors="0">
  <testcase name="R1" time="0.005" classname="WebApplication.Rough3"/>
  <testcase name="R2" time="0.002" classname="WebApplication.Rough3"/>
  <testcase name="R3" time="0.002" classname="WebApplication.Rough3"/>
</testsuite> <!-- WebApplication.Rough3 -->
